160161 62
160162 62
160174 62
160381 62
160907 62
160908 62
160910 62
160911 62
160929 62
160932 62
160933 62
160960 62
160961 62
161013 62
161016 62
161148 62
161331 62
161686 62
161705 62
162630 62
162658 62
163256 62
163433 62
163453 62
163503 62
164802 62
164803 62
164804 62
164805 62
164839 62
164840 62
164841 62
165763 62
165794 62
165824 62
165856 62
165888 62
165918 62
166009 62
166029 62
166116 62
166152 62
166351 62
166396 62
166413 62
166414 62
166447 62
166531 62
166650 62
166790 62
166984 62
166985 62
166986 62
167002 62
167003 62
167004 62
167122 62
167139 62
167152 62
167153 62
167168 62
167220 62
167351 62
167366 62
167367 62
167368 62
167380 62
167395 62
167396 62
167408 62
167436 62
167437 62
167465 62
167497 62
167516 62
167890 62
167922 62
167923 62
167953 62
167954 62
168152 62
168224 62
168251 62
168357 62
168619 62
168620 62
168632 62
168633 62
168666 62
168671 62
168672 62
168684 62
168685 62
168693 62
168716 62
168717 62
168747 62
168748 62
168776 62
168777 62
168786 62
168830 62
168831 62
168858 62
168859 62
168887 62
168888 62
169403 62
169404 62
169448 62
169449 62
169476 62
169604 62
169605 62
169606 62
169607 62
169609 62
169610 62
169636 62
169637 62
169638 62
169867 62
169868 62
169891 62
169892 62
169893 62
169903 62
170119 62
170146 62
170172 62
170196 62
170197 62
170221 62
170256 62
170849 62
170850 62
170851 62
170852 62
170939 62
170940 62
170941 62
170966 62
170967 62
170968 62
170991 62
170992 62
170993 62
170994 62
171015 62
171016 62
171017 62
171041 62
171065 62
171066 62
171387 62
171388 62
171474 62
171476 62
172195 62
172221 62
172495 62
173174 62
174324 62
174368 62
174381 62
175118 62
175119 62
175120 62
175121 62
175187 62
175222 62
175256 62
175285 62
175286 62
175314 62
175315 62
175330 62
175343 62
175425 62
175426 62
175535 62
175536 62
175567 62
175602 62
175603 62
175604 62
175605 62
175677 62
175678 62
175705 62
175706 62
175707 62
175718 62
175719 62
175720 62
175721 62
175731 62
175732 62
175901 62
175963 62
