174696 62
174697 62
174698 62
174699 62
174700 62
174701 62
174706 62
174707 62
174708 62
174736 62
174737 62
174738 62
174747 62
174753 62
174754 62
174755 62
174803 62
174804 62
174805 62
174809 62
174814 62
174843 62
174852 62
174856 62
174887 62
174891 62
174901 62
175040 62
175041 62
175099 62
175100 62
175110 62
175122 62
175123 62
175126 62
175127 62
175133 62
175134 62
175136 62
175137 62
175138 62
175139 62
175141 62
175142 62
175149 62
175163 62
175166 62
175167 62
175168 62
175170 62
175171 62
175172 62
175179 62
175183 62
175199 62
175200 62
175202 62
175203 62
175204 62
175206 62
175207 62
175208 62
175211 62
175215 62
175217 62
175233 62
175234 62
175236 62
175237 62
175238 62
175240 62
175251 62
175252 62
175264 62
175267 62
175268 62
175269 62
175282 62
175293 62
175295 62
175296 62
175297 62
175298 62
175322 62
175324 62
175325 62
175326 62
175329 62
175351 62
175353 62
175354 62
175359 62
175360 62
175363 62
175367 62
175375 62
175388 62
175390 62
175418 62
175420 62
175421 62
175422 62
175423 62
175424 62
175432 62
175439 62
175447 62
175449 62
175450 62
175451 62
175452 62
175453 62
175462 62
175469 62
175479 62
175480 62
175481 62
175482 62
175513 62
175514 62
175515 62
175516 62
175517 62
175545 62
175546 62
175547 62
175548 62
175549 62
175551 62
175552 62
175555 62
175596 62
175597 62
175768 62
175769 62
175884 62
175885 62
175899 62
175900 62
175904 62
175946 62
176000 62
176022 62
176037 62
176086 62
176089 62
176110 62
176114 62
176128 62
176129 62
176148 62
176149 62
176162 62
176163 62
176181 62
176182 62
176185 62
176198 62
176257 62
176258 62
176261 62
176295 62
176310 62
176311 62
176313 62
176318 62
176319 62
176320 62
176321 62
176323 62
176327 62
176340 62
176341 62
176356 62
176357 62
176360 62
176361 62
176415 62
176416 62
176433 62
176434 62
176435 62
176438 62
176447 62
176448 62
176449 62
176462 62
176489 62
176579 62
176580 62
176605 62
176606 62
176626 62
176627 62
176629 62
176644 62
176645 62
176647 62
176664 62
176665 62
