172496 62
173173 62
173175 62
173176 62
173177 62
173564 62
173592 62
173666 62
173667 62
173681 62
173693 62
173694 62
173707 62
173719 62
173720 62
173748 62
173749 62
173763 62
173776 62
173777 62
173778 62
173790 62
173805 62
173822 62
173845 62
173886 62
173958 62
174142 62
174143 62
174170 62
174216 62
174303 62
174304 62
174325 62
174326 62
174335 62
174338 62
174370 62
174399 62
174400 62
174486 62
174488 62
174489 62
174502 62
174519 62
174520 62
174521 62
174553 62
174554 62
174555 62
174563 62
174564 62
174582 62
174613 62
174614 62
174657 62
174688 62
174702 62
174703 62
174704 62
174705 62
174748 62
174749 62
174750 62
174751 62
174752 62
174806 62
174807 62
174811 62
174812 62
174813 62
174815 62
174850 62
174853 62
174854 62
174855 62
174885 62
174888 62
174889 62
174890 62
174902 62
174903 62
174904 62
174926 62
174929 62
174948 62
174949 62
175128 62
175143 62
175144 62
175145 62
175146 62
175147 62
175148 62
175176 62
175177 62
175178 62
175186 62
175209 62
175210 62
175212 62
175213 62
175214 62
175274 62
175275 62
175283 62
175284 62
175302 62
175303 62
175331 62
175361 62
175362 62
175369 62
175371 62
175372 62
175374 62
175403 62
175404 62
175405 62
175406 62
175407 62
175409 62
175433 62
175434 62
175435 62
175436 62
175437 62
175438 62
175463 62
175464 62
175465 62
175466 62
175467 62
175468 62
175487 62
175488 62
175553 62
175554 62
175595 62
175601 62
175902 62
175905 62
175947 62
175965 62
175985 62
175986 62
175987 62
176003 62
176023 62
176040 62
176068 62
176070 62
176091 62
176092 62
176111 62
176113 62
176115 62
176131 62
176146 62
176147 62
176186 62
176187 62
176190 62
176197 62
176201 62
176225 62
176241 62
176242 62
176280 62
176282 62
176283 62
176314 62
176315 62
176316 62
176317 62
176417 62
176436 62
176527 62
176576 62
176577 62
176578 62
176603 62
176604 62
176625 62
176642 62
176643 62
176662 62
176663 62
176681 62
176682 62
176720 62
176734 62
176735 62
176767 62
176815 62
176833 62
176847 62
176866 62
176867 62
176881 62
