167432 62
167433 62
167458 62
167459 62
167460 62
167461 62
167490 62
167491 62
167492 62
167493 62
167509 62
167510 62
167511 62
167512 62
167747 62
167748 62
167904 62
167937 62
168005 62
168157 62
168228 62
168255 62
168580 62
168761 62
168834 62
168863 62
168892 62
169042 62
169043 62
169346 62
169391 62
169418 62
169438 62
169600 62
169613 62
169628 62
169641 62
170151 62
170176 62
170177 62
170201 62
170226 62
170260 62
170261 62
170289 62
170290 62
170316 62
170389 62
170390 62
170814 62
170818 62
170880 62
170906 62
170909 62
170910 62
171036 62
171037 62
171090 62
171117 62
171118 62
171278 62
171467 62
171523 62
171547 62
171596 62
171599 62
171600 62
171616 62
171640 62
171662 62
171672 62
171682 62
171683 62
171693 62
171694 62
171747 62
171748 62
171749 62
171855 62
171870 62
172046 62
172228 62
173180 62
173527 62
173528 62
173568 62
173569 62
173570 62
173571 62
173595 62
173683 62
173765 62
173825 62
173961 62
174141 62
174168 62
174169 62
174264 62
174312 62
174313 62
174372 62
174374 62
174407 62
174483 62
174508 62
174517 62
174542 62
174571 62
174602 62
174638 62
174650 62
174663 62
174664 62
174676 62
174694 62
174695 62
174735 62
174851 62
174886 62
175042 62
175101 62
175135 62
175140 62
175164 62
175165 62
175169 62
175184 62
175201 62
175205 62
175219 62
175235 62
175239 62
175253 62
175265 62
175266 62
175270 62
175271 62
175281 62
175294 62
175299 62
175300 62
175323 62
175327 62
175328 62
175356 62
175389 62
175394 62
175395 62
175419 62
175483 62
175495 62
175518 62
175550 62
175598 62
175661 62
175662 62
175767 62
176001 62
176002 62
176038 62
176090 62
176130 62
176150 62
176199 62
176259 62
176309 62
176322 62
176324 62
176358 62
176410 62
176414 62
176450 62
176490 62
176581 62
176607 62
176608 62
176628 62
176646 62
176666 62
176671 62
176672 62
176711 62
176885 62
176886 62
176951 62
177055 62
177077 62
177078 62
177329 62
177385 62
177410 62
177521 62
177538 62
177553 62
177569 62
177580 62
177585 62
177586 62
177611 62
177616 62
