170340 62
170341 62
170342 62
170343 62
170344 62
170345 62
170346 62
170381 62
170392 62
170393 62
170399 62
170405 62
170406 62
170407 62
170408 62
170409 62
170410 62
170432 62
170433 62
170434 62
170435 62
170436 62
170762 62
170816 62
170878 62
170879 62
170888 62
170907 62
170908 62
170917 62
170936 62
170937 62
170959 62
170963 62
170964 62
170974 62
170999 62
171008 62
171012 62
171058 62
171063 62
171082 62
171083 62
171088 62
171115 62
171126 62
171150 62
171164 62
171165 62
171197 62
171243 62
171382 62
171483 62
171484 62
171509 62
171532 62
171537 62
171549 62
171587 62
171588 62
171597 62
171608 62
171609 62
171610 62
171617 62
171628 62
171629 62
171630 62
171638 62
171649 62
171650 62
171651 62
171670 62
171859 62
171932 62
172002 62
172017 62
172039 62
172063 62
172150 62
172194 62
173182 62
173202 62
173203 62
173542 62
173552 62
173566 62
173624 62
173674 62
173675 62
173678 62
173679 62
173700 62
173701 62
173705 62
173726 62
173731 62
173732 62
173756 62
173761 62
173762 62
173784 62
173789 62
173821 62
173836 62
173837 62
173842 62
173843 62
173868 62
173976 62
174375 62
175045 62
175046 62
175106 62
175107 62
175108 62
175273 62
175279 62
175499 62
175600 62
175663 62
175701 62
175745 62
175766 62
175944 62
175984 62
176021 62
176152 62
176237 62
176306 62
176326 62
176622 62
176982 62
176983 62
176984 62
177550 62
177717 62
177718 62
177742 62
177748 62
177781 62
178139 62
178164 62
178177 62
178207 62
178208 62
178229 62
178264 62
178613 62
178682 62
178687 62
178727 62
178804 62
178883 62
179524 62
179548 62
179615 62
179766 62
179841 62
179990 62
179997 62
180013 62
180014 62
180225 62
180426 62
180550 62
180551 62
180571 62
180577 62
180598 62
180648 62
180764 62
180769 62
180984 62
180985 62
180993 62
181023 62
181094 62
181621 62
181634 62
181648 62
181717 62
181738 62
181739 62
182246 62
182247 62
182339 62
182734 62
183783 62
183895 62
183971 62
160230 62
161060 62
161096 62
161131 62
161163 62
161196 62
161224 62
161225 62
161268 62
