176667 62
176668 62
176669 62
176704 62
176705 62
176706 62
176707 62
176709 62
176710 62
176736 62
176737 62
176816 62
176817 62
176819 62
176820 62
176832 62
176848 62
176882 62
176883 62
176916 62
176917 62
176918 62
176919 62
176931 62
176949 62
176950 62
176952 62
176997 62
177054 62
177090 62
177165 62
177328 62
177384 62
177409 62
177424 62
177522 62
177523 62
177554 62
177555 62
177587 62
177618 62
177619 62
177655 62
177683 62
177716 62
177747 62
177780 62
177913 62
177914 62
177970 62
178043 62
178135 62
178136 62
178168 62
178169 62
178198 62
178199 62
178232 62
178233 62
178284 62
178616 62
178617 62
178681 62
178726 62
178826 62
178849 62
178850 62
178871 62
178878 62
178894 62
178896 62
179187 62
179209 62
179210 62
179224 62
179235 62
179399 62
179401 62
179402 62
179423 62
179425 62
179426 62
179446 62
179448 62
179449 62
179471 62
179472 62
179494 62
179495 62
179502 62
179503 62
179517 62
179518 62
179519 62
179666 62
179667 62
179686 62
179788 62
179832 62
179833 62
179834 62
179835 62
179836 62
179855 62
179856 62
179857 62
179858 62
179859 62
179879 62
179880 62
179881 62
179884 62
179885 62
179924 62
179948 62
180123 62
180155 62
180165 62
180166 62
180221 62
180379 62
180475 62
180514 62
180515 62
180530 62
180536 62
180537 62
180552 62
180553 62
180560 62
180561 62
180568 62
180588 62
180589 62
180595 62
180596 62
180606 62
180615 62
180616 62
180634 62
180644 62
180661 62
180670 62
180671 62
180685 62
180697 62
180698 62
180759 62
181026 62
181110 62
181458 62
181550 62
181551 62
181571 62
181572 62
181579 62
181742 62
181751 62
181775 62
181816 62
182069 62
182099 62
182130 62
182206 62
182207 62
182250 62
182280 62
182281 62
182310 62
182312 62
182335 62
182336 62
182341 62
182370 62
182371 62
182430 62
182436 62
182466 62
182496 62
182833 62
182847 62
182853 62
182854 62
182876 62
182882 62
182893 62
182906 62
182912 62
182913 62
183194 62
183257 62
183500 62
183501 62
183695 62
183729 62
183760 62
183787 62
183789 62
183819 62
183848 62
