177715 62
177745 62
177746 62
177778 62
177779 62
177912 62
177969 62
178024 62
178137 62
178170 62
178231 62
178285 62
178615 62
178843 62
178865 62
178866 62
178893 62
179493 62
179612 62
179691 62
179787 62
179803 62
179804 62
179830 62
179831 62
179837 62
179838 62
179839 62
179854 62
179860 62
179861 62
179862 62
179878 62
179886 62
179887 62
179888 62
179909 62
179915 62
179916 62
179923 62
179930 62
179931 62
179947 62
179954 62
179972 62
179973 62
180154 62
180303 62
180344 62
180476 62
180516 62
180538 62
180569 62
180590 62
180597 62
180603 62
180633 62
180646 62
180672 62
180684 62
180760 62
180918 62
181459 62
181741 62
181752 62
181821 62
182070 62
182128 62
182129 62
182205 62
182244 62
182245 62
182279 62
182309 62
182311 62
182337 62
182369 62
182398 62
182428 62
182725 62
182726 62
182731 62
182732 62
182743 62
182744 62
182846 62
182875 62
182905 62
182974 62
183499 62
183711 62
183712 62
183831 62
183894 62
183975 62
183978 62
184141 62
184142 62
184173 62
184174 62
184175 62
184188 62
184189 62
184245 62
184246 62
160167 62
160267 62
160287 62
160289 62
160338 62
160364 62
160394 62
160455 62
160483 62
161089 62
161098 62
161133 62
161165 62
161198 62
161227 62
161267 62
161271 62
161308 62
161336 62
161367 62
161368 62
161428 62
161478 62
161701 62
161720 62
161768 62
161814 62
161878 62
161927 62
161953 62
161972 62
162532 62
162806 62
163008 62
163009 62
163043 62
163044 62
163062 62
163108 62
163110 62
163111 62
163133 62
163138 62
163139 62
163140 62
163225 62
163226 62
163243 62
163249 62
163250 62
163263 62
163434 62
163454 62
163504 62
163515 62
163533 62
163552 62
163590 62
163623 62
163629 62
163630 62
163989 62
164094 62
164096 62
164102 62
164118 62
164119 62
164120 62
164121 62
164164 62
164166 62
164211 62
164212 62
164213 62
164214 62
164238 62
164239 62
164260 62
164280 62
164281 62
164282 62
164297 62
164312 62
164313 62
164314 62
164315 62
164458 62
164464 62
164480 62
164483 62
164486 62
164600 62
164601 62
164625 62
164626 62
