160361 62
160367 62
160382 62
160392 62
160397 62
160422 62
160444 62
160452 62
160501 62
160539 62
160565 62
160589 62
160612 62
160631 62
160652 62
160678 62
160679 62
160722 62
160736 62
160837 62
160838 62
160883 62
160906 62
160912 62
160928 62
160962 62
160989 62
160990 62
161011 62
161012 62
161017 62
161026 62
161044 62
161079 62
161113 62
161129 62
161147 62
161162 62
161180 62
161194 62
161209 62
161223 62
161304 62
161305 62
161332 62
161363 62
161424 62
161425 62
161474 62
161495 62
161663 62
161726 62
161819 62
161901 62
161973 62
162333 62
162354 62
162383 62
162411 62
162439 62
162466 62
162494 62
162521 62
162522 62
162548 62
162604 62
162613 62
162642 62
162659 62
162797 62
162914 62
162927 62
162941 62
162971 62
162997 62
163032 62
163056 62
163067 62
163068 62
163069 62
163098 62
163128 62
163227 62
163235 62
163248 62
163268 62
163373 62
163374 62
163514 62
163527 62
163562 62
163563 62
163617 62
164061 62
164076 62
164078 62
164234 62
164236 62
164237 62
164257 62
164258 62
164259 62
164293 62
164294 62
164295 62
164296 62
164801 62
164806 62
164807 62
164837 62
164838 62
164842 62
164843 62
165062 62
165063 62
165092 62
165111 62
165112 62
165387 62
165416 62
165437 62
165438 62
165447 62
165481 62
165482 62
165485 62
165486 62
165492 62
165497 62
165498 62
165501 62
165502 62
165514 62
165523 62
165534 62
165587 62
165632 62
165633 62
165644 62
165764 62
165795 62
165796 62
165825 62
165826 62
165855 62
165857 62
165887 62
165917 62
165942 62
165943 62
165972 62
165973 62
165974 62
165975 62
165979 62
165980 62
166010 62
166030 62
166098 62
166117 62
166152 62
166153 62
166352 62
166353 62
166411 62
166412 62
166429 62
166445 62
166446 62
166448 62
166514 62
166532 62
166543 62
166563 62
166564 62
166575 62
166593 62
166594 62
166595 62
166604 62
166622 62
166623 62
166633 62
166651 62
166661 62
166683 62
166695 62
166761 62
166774 62
166789 62
166930 62
166982 62
166983 62
166987 62
166988 62
167005 62
167006 62
167068 62
167069 62
167072 62
