181721 62
181722 62
181723 62
181740 62
181865 62
182124 62
182125 62
182307 62
182338 62
182368 62
182396 62
182397 62
182425 62
182427 62
182455 62
182733 62
182745 62
182866 62
183006 62
183498 62
183531 62
183592 62
183593 62
183622 62
183623 62
183651 62
183652 62
183679 62
183721 62
183744 62
183745 62
183812 62
183832 62
183841 62
183870 62
183902 62
183922 62
184143 62
184144 62
184190 62
184247 62
184248 62
184249 62
160151 62
160226 62
160229 62
160244 62
160288 62
160311 62
160337 62
160363 62
160424 62
160454 62
160482 62
161097 62
161132 62
161164 62
161197 62
161226 62
161270 62
161306 62
161307 62
161334 62
161335 62
161366 62
161426 62
161427 62
161476 62
161477 62
161702 62
161721 62
161764 62
161789 62
161843 62
161849 62
161869 62
161881 62
161909 62
161928 62
161960 62
161979 62
161980 62
162123 62
162390 62
162391 62
162392 62
162475 62
162476 62
162503 62
162504 62
162609 62
162921 62
163004 62
163005 62
163006 62
163007 62
163039 62
163040 62
163041 62
163042 62
163103 62
163104 62
163107 62
163109 62
163184 62
163976 62
163988 62
163999 62
164122 62
164240 62
164241 62
164262 62
164298 62
164299 62
164300 62
164301 62
164316 62
164317 62
164352 62
164353 62
164359 62
164360 62
164361 62
164371 62
164372 62
164435 62
164438 62
164439 62
164440 62
164459 62
164481 62
164656 62
164685 62
164686 62
164707 62
164770 62
164771 62
164795 62
164796 62
164797 62
165143 62
165163 62
165920 62
165937 62
165951 62
165967 62
166243 62
166682 62
166806 62
166856 62
166857 62
167301 62
167302 62
167336 62
167346 62
167407 62
167423 62
167435 62
167464 62
167495 62
167496 62
167514 62
167515 62
167907 62
167986 62
167987 62
168583 62
168790 62
168791 62
168844 62
168873 62
168902 62
168932 62
168933 62
169044 62
169052 62
169053 62
169181 62
169401 62
169420 62
169440 62
169602 62
169630 62
169863 62
169864 62
169895 62
169904 62
170005 62
170138 62
170165 62
170179 62
170180 62
170190 62
170215 62
170229 62
170230 62
170264 62
170292 62
170293 62
170332 62
