170572 62
170812 62
170813 62
170819 62
170820 62
170846 62
170847 62
170881 62
170882 62
170883 62
170911 62
170912 62
170988 62
170997 62
171018 62
171032 62
171033 62
171034 62
171035 62
171042 62
171043 62
171044 62
171067 62
171091 62
171092 62
171093 62
171119 62
171120 62
171275 62
171379 62
171423 62
171479 62
171581 62
171601 62
171602 62
171603 62
171604 62
171605 62
171623 62
171624 62
171625 62
171641 62
171642 62
171643 62
171644 62
171645 62
171646 62
171663 62
171664 62
171665 62
171666 62
171668 62
171669 62
171673 62
171684 62
171685 62
171686 62
171687 62
171888 62
171891 62
171892 62
171928 62
171929 62
171995 62
171996 62
171997 62
172007 62
172018 62
172019 62
172020 62
172047 62
172048 62
172049 62
172050 62
172051 62
172061 62
172062 62
172070 62
172071 62
172072 62
172073 62
172083 62
172084 62
172104 62
172105 62
172106 62
172126 62
172127 62
172148 62
172149 62
172171 62
172193 62
172199 62
172218 62
172225 62
172226 62
172227 62
172332 62
172333 62
172497 62
173563 62
173664 62
173665 62
173668 62
173669 62
173682 62
173691 62
173692 62
173695 62
173697 62
173708 62
173717 62
173718 62
173721 62
173745 62
173746 62
173747 62
173764 62
173774 62
173775 62
173792 62
173799 62
173800 62
173823 62
173824 62
173846 62
173847 62
173887 62
173888 62
173959 62
173960 62
174265 62
174267 62
174305 62
174314 62
174315 62
174316 62
174317 62
174318 62
174319 62
174339 62
174346 62
174347 62
174348 62
174349 62
174350 62
174351 62
174352 62
174353 62
174371 62
174382 62
174383 62
174384 62
174401 62
174421 62
174475 62
174477 62
174478 62
174479 62
174480 62
174481 62
174482 62
174484 62
174485 62
174509 62
174510 62
174511 62
174512 62
174513 62
174514 62
174518 62
174543 62
174544 62
174545 62
174546 62
174547 62
174551 62
174552 62
174565 62
174572 62
174581 62
174603 62
174604 62
174611 62
174612 62
174615 62
174639 62
174640 62
174641 62
174643 62
174651 62
174658 62
174665 62
174666 62
174667 62
174668 62
174669 62
174670 62
174677 62
174678 62
