161976 62
162011 62
162387 62
162470 62
162473 62
162498 62
162501 62
162528 62
162529 62
162607 62
162654 62
162922 62
162937 62
163027 62
163052 62
163106 62
163132 62
163242 62
163262 62
164158 62
164292 62
164364 62
164375 62
164383 62
164384 62
164437 62
164460 62
166390 62
167347 62
167575 62
167879 62
167909 62
168746 62
168788 62
168842 62
168899 62
168930 62
169473 62
170095 62
170114 62
170141 62
170216 62
170278 62
171857 62
171922 62
173734 62
175703 62
176120 62
176121 62
176154 62
176988 62
176989 62
178256 62
178258 62
179546 62
179762 62
179763 62
179764 62
179765 62
179964 62
179965 62
179966 62
179967 62
179969 62
179971 62
180600 62
181637 62
181650 62
181651 62
181719 62
181814 62
181815 62
182248 62
182273 62
182275 62
182277 62
182278 62
182305 62
183662 62
183755 62
