176898 62
176932 62
176933 62
176948 62
176966 62
176998 62
177016 62
177091 62
177129 62
177130 62
177166 62
177520 62
177524 62
177525 62
177530 62
177552 62
177556 62
177557 62
177588 62
177589 62
177656 62
177657 62
177684 62
177744 62
177915 62
177971 62
177972 62
177984 62
177990 62
178002 62
178134 62
178147 62
178197 62
178227 62
178234 62
178235 62
178236 62
178237 62
178254 62
178255 62
178282 62
178483 62
178484 62
178547 62
178618 62
178619 62
178679 62
178680 62
178722 62
178724 62
178725 62
178737 62
178765 62
178766 62
178785 62
178802 62
178819 62
178822 62
178828 62
178830 62
178845 62
178847 62
178848 62
178855 62
178869 62
178870 62
178882 62
178895 62
178897 62
178898 62
178899 62
179040 62
179166 62
179167 62
179185 62
179186 62
179188 62
179198 62
179215 62
179234 62
179247 62
179319 62
179320 62
179368 62
179369 62
179372 62
179373 62
179400 62
179403 62
179404 62
179405 62
179407 62
179424 62
179427 62
179428 62
179447 62
179450 62
179451 62
179470 62
179473 62
179475 62
179496 62
179499 62
179500 62
179501 62
179516 62
179520 62
179521 62
179544 62
179545 62
180156 62
180167 62
180222 62
180346 62
180347 62
180474 62
180529 62
180531 62
180562 62
180563 62
180565 62
180566 62
180567 62
180578 62
180579 62
180591 62
180593 62
180594 62
180604 62
180605 62
180635 62
180636 62
180662 62
180686 62
180687 62
180688 62
180762 62
180785 62
180786 62
180994 62
181014 62
181549 62
181743 62
181749 62
181750 62
181818 62
181822 62
181843 62
181844 62
181845 62
182046 62
182047 62
182067 62
182068 62
182097 62
182131 62
182132 62
182208 62
182209 62
182221 62
182251 62
182252 62
182265 62
182282 62
182283 62
182295 62
182296 62
182313 62
182314 62
182315 62
182327 62
182342 62
182343 62
182357 62
182373 62
182374 62
182387 62
182431 62
182432 62
182433 62
182434 62
182435 62
182446 62
182462 62
182463 62
182464 62
182494 62
182495 62
182705 62
182834 62
182835 62
182848 62
182849 62
182851 62
182852 62
182862 62
182863 62
182877 62
182878 62
182880 62
