182881 62
182892 62
182907 62
182908 62
182909 62
182910 62
182911 62
183199 62
183228 62
183259 62
183260 62
183262 62
183381 62
183382 62
183399 62
183400 62
183401 62
183410 62
183411 62
183419 62
183420 62
183472 62
183473 62
183476 62
183495 62
183496 62
183497 62
183509 62
183510 62
183537 62
183538 62
183540 62
183541 62
183585 62
183606 62
183616 62
183617 62
183619 62
183634 62
183635 62
183636 62
183637 62
183645 62
183646 62
183648 62
183663 62
183664 62
183665 62
183666 62
183674 62
183677 62
183696 62
183697 62
183706 62
183707 62
183725 62
183726 62
183727 62
183728 62
183738 62
183741 62
183759 62
183768 62
183770 62
183786 62
183788 62
183798 62
183800 62
183815 62
183816 62
183817 62
183818 62
183827 62
183844 62
183845 62
183846 62
183847 62
183856 62
183873 62
183874 62
183875 62
183876 62
183905 62
183909 62
183958 62
183959 62
183960 62
183974 62
160132 62
160165 62
160177 62
160179 62
160180 62
160227 62
160246 62
160247 62
160269 62
160270 62
160291 62
160292 62
160314 62
160340 62
160366 62
160396 62
160427 62
160485 62
160522 62
160523 62
160653 62
160723 62
160736 62
160808 62
160836 62
160955 62
160957 62
160983 62
161043 62
161078 62
161111 62
161112 62
161208 62
161498 62
161499 62
161662 62
161769 62
161795 62
161812 62
161822 62
161823 62
161824 62
161841 62
161852 62
161880 62
161905 62
161929 62
161954 62
161955 62
162334 62
162356 62
162358 62
162359 62
162384 62
162386 62
162412 62
162414 62
162440 62
162467 62
162469 62
162495 62
162610 62
162611 62
162612 62
162640 62
162641 62
162795 62
162796 62
162809 62
163000 62
163064 62
163065 62
163066 62
163135 62
163136 62
163137 62
163223 62
163224 62
163246 62
163247 62
163265 62
163266 62
163267 62
163517 62
163536 62
163555 62
163556 62
163593 62
163625 62
163626 62
163627 62
163632 62
163633 62
164002 62
164003 62
164058 62
164059 62
164060 62
164073 62
164074 62
164075 62
164092 62
164093 62
164115 62
164116 62
164117 62
164123 62
164161 62
164162 62
164163 62
164169 62
164170 62
