164185 62
164186 62
164194 62
164208 62
164209 62
164210 62
164231 62
164232 62
164233 62
164254 62
164255 62
164256 62
164277 62
164461 62
164484 62
164800 62
164808 62
164835 62
164836 62
164844 62
164997 62
165049 62
165050 62
165051 62
165060 62
165061 62
165172 62
165173 62
165174 62
165218 62
165219 62
165259 62
165260 62
165293 62
165294 62
165385 62
165386 62
165415 62
165445 62
165446 62
165484 62
165500 62
165511 62
165521 62
165522 62
165532 62
165533 62
165584 62
165631 62
165788 62
165797 62
165798 62
165827 62
165828 62
165882 62
165923 62
165924 62
165925 62
165940 62
165941 62
165952 62
165970 62
165971 62
166000 62
166003 62
166255 62
166257 62
166343 62
166404 62
166410 62
166428 62
166437 62
166438 62
166439 62
166456 62
166476 62
166506 62
166507 62
166555 62
166565 62
166583 62
166584 62
166614 62
166615 62
166616 62
166618 62
166644 62
166645 62
166684 62
166788 62
166911 62
166912 62
166915 62
166924 62
166925 62
166926 62
166929 62
166981 62
167007 62
167008 62
167095 62
167132 62
167133 62
167162 62
167163 62
167200 62
167203 62
167363 62
167371 62
167372 62
167392 62
167399 62
167400 62
167449 62
167478 62
167487 62
167699 62
167888 62
167941 62
167942 62
167976 62
167993 62
168007 62
168058 62
168074 62
168103 62
168135 62
168155 62
168156 62
168226 62
168227 62
168244 62
168253 62
168254 62
168359 62
168437 62
168462 62
168635 62
168636 62
168669 62
168670 62
168687 62
168695 62
168696 62
168720 62
168760 62
168779 62
168780 62
168833 62
168862 62
168891 62
168920 62
168921 62
168943 62
169041 62
169050 62
169345 62
169389 62
169390 62
169416 62
169417 62
169436 62
169437 62
169446 62
169598 62
169599 62
169614 62
169615 62
169616 62
169626 62
169627 62
169634 62
169642 62
169643 62
170126 62
170127 62
170128 62
170152 62
170178 62
170202 62
170203 62
170227 62
170228 62
170262 62
170263 62
170291 62
170317 62
170318 62
170383 62
170391 62
170440 62
170486 62
170487 62
170488 62
170489 62
170490 62
170526 62
170527 62
170547 62
170548 62
