183877 62
183893 62
183906 62
183907 62
183908 62
160166 62
160178 62
160228 62
160245 62
160268 62
160286 62
160290 62
160312 62
160313 62
160339 62
160365 62
160395 62
160425 62
160426 62
160484 62
160957 62
160958 62
161077 62
161088 62
161130 62
161303 62
161333 62
161364 62
161365 62
161475 62
161496 62
161497 62
161700 62
161719 62
161725 62
161767 62
161813 62
161817 62
161818 62
161842 62
161851 62
161867 62
161868 62
161900 62
161902 62
161930 62
161952 62
161971 62
161975 62
162605 62
162638 62
162639 62
162807 62
162915 62
162942 62
162943 62
162972 62
162973 62
162998 62
162999 62
163033 62
163063 62
163134 62
163244 62
163245 62
163264 62
163456 62
163505 62
163506 62
163516 62
163521 62
163528 62
163529 62
163534 62
163535 62
163553 62
163554 62
163572 62
163591 62
163592 62
163624 62
163944 62
163990 62
164000 62
164001 62
164057 62
164071 62
164072 62
164091 62
164103 62
164104 62
164113 62
164124 62
164125 62
164160 62
164171 62
164183 62
164184 62
164190 62
164207 62
164229 62
164230 62
164252 62
164253 62
164275 62
164276 62
164456 62
164457 62
164462 62
164463 62
164478 62
164479 62
164485 62
164809 62
164996 62
165048 62
165178 62
165179 62
165180 62
165217 62
165257 62
165292 62
165350 62
165351 62
165357 62
165384 62
165414 62
165444 62
165483 62
165493 62
165494 62
165520 62
165757 62
165758 62
165759 62
165789 62
165790 62
165799 62
165818 62
165819 62
165820 62
165829 62
165849 62
165850 62
165851 62
165861 62
165881 62
165883 62
165911 62
165922 62
165939 62
165944 62
165945 62
165946 62
165947 62
165948 62
165949 62
165953 62
165969 62
165999 62
166001 62
166002 62
166024 62
166025 62
166026 62
166214 62
166340 62
166341 62
166403 62
166427 62
166436 62
166477 62
166490 62
166521 62
166582 62
166679 62
166680 62
166801 62
166802 62
166803 62
166853 62
166913 62
167293 62
167294 62
167295 62
167296 62
167298 62
167299 62
167339 62
167340 62
167341 62
167342 62
167343 62
167373 62
167402 62
167403 62
167404 62
167405 62
167430 62
167431 62
