164645 62
164646 62
164647 62
164654 62
164682 62
164683 62
164684 62
164703 62
164705 62
164706 62
164744 62
164745 62
164746 62
164768 62
164769 62
164793 62
164794 62
164995 62
165136 62
165137 62
165138 62
165139 62
165140 62
165141 62
165142 62
165383 62
165413 62
165830 62
165862 62
165908 62
165909 62
165910 62
165921 62
165938 62
165950 62
165968 62
165998 62
166241 62
166388 62
166681 62
166804 62
166807 62
166854 62
166855 62
167300 62
167337 62
167338 62
167344 62
167345 62
167374 62
167401 62
167406 62
167429 62
167434 62
167458 62
167462 62
167463 62
167494 62
167508 62
167513 62
167749 62
167906 62
167938 62
168084 62
168085 62
168114 62
168115 62
168229 62
168581 62
168582 62
168621 62
168792 62
168793 62
168845 62
168846 62
168847 62
168874 62
168875 62
168876 62
168903 62
168904 62
168905 62
169054 62
169055 62
169056 62
169182 62
169183 62
169184 62
169185 62
169214 62
169419 62
169439 62
169601 62
169629 62
170123 62
170124 62
170125 62
170129 62
170150 62
170155 62
170156 62
170175 62
170181 62
170200 62
170204 62
170205 62
170206 62
170225 62
170231 62
170265 62
170266 62
170294 62
170295 62
170315 62
170319 62
170320 62
170321 62
170330 62
170394 62
170396 62
170411 62
170412 62
170413 62
170431 62
170685 62
170703 62
170704 62
170763 62
170775 62
170776 62
170815 62
170817 62
170824 62
170825 62
170838 62
170845 62
170854 62
170855 62
170856 62
170876 62
170877 62
170886 62
170887 62
170914 62
170915 62
170916 62
170932 62
170933 62
170934 62
170935 62
170944 62
170945 62
170946 62
170960 62
170961 62
170962 62
170971 62
170973 62
170984 62
170985 62
170986 62
170998 62
171009 62
171010 62
171011 62
171021 62
171022 62
171023 62
171070 62
171071 62
171072 62
171073 62
171084 62
171085 62
171086 62
171087 62
171095 62
171096 62
171097 62
171098 62
171109 62
171111 62
171112 62
171116 62
171124 62
171125 62
171148 62
171149 62
171161 62
171162 62
171163 62
171197 62
171198 62
171526 62
171530 62
171531 62
171550 62
171551 62
171552 62
171553 62
