171554 62
171578 62
171598 62
171618 62
171619 62
171620 62
171621 62
171622 62
171627 62
171639 62
171648 62
171661 62
171671 62
171681 62
171688 62
171689 62
171695 62
171713 62
171746 62
171750 62
171893 62
171930 62
171931 62
171998 62
171999 62
172000 62
172021 62
172022 62
172023 62
172041 62
172042 62
172064 62
172085 62
172086 62
172107 62
172108 62
172109 62
172128 62
172129 62
172130 62
172131 62
172132 62
172151 62
172152 62
172172 62
172173 62
172174 62
172442 62
172605 62
172606 62
172607 62
172655 62
172656 62
172657 62
173181 62
173543 62
173567 62
173676 62
173677 62
173702 62
173703 62
173704 62
173727 62
173728 62
173729 62
173730 62
173757 62
173758 62
173759 62
173760 62
173786 62
173787 62
173838 62
173839 62
173865 62
173866 62
173867 62
174734 62
175109 62
175124 62
175125 62
175220 62
175254 62
175272 62
175280 62
175301 62
175493 62
175494 62
175496 62
175497 62
175498 62
175599 62
175700 62
175939 62
175940 62
175941 62
175942 62
175943 62
175979 62
175980 62
175981 62
175982 62
175983 62
176017 62
176018 62
176019 62
176020 62
176039 62
176151 62
176200 62
176238 62
176239 62
176260 62
176279 62
176307 62
176308 62
176325 62
176359 62
176413 62
176981 62
177331 62
177549 62
177584 62
177615 62
177647 62
177714 62
177719 62
177720 62
177721 62
177722 62
177749 62
177750 62
177751 62
177752 62
177753 62
177772 62
177782 62
177783 62
177784 62
177785 62
177786 62
177911 62
178138 62
178171 62
178178 62
178230 62
178251 62
178265 62
178614 62
178688 62
178738 62
178739 62
178740 62
178746 62
178747 62
178759 62
178810 62
178884 62
178885 62
178984 62
179091 62
179456 62
179457 62
179507 62
179508 62
179525 62
179526 62
179613 62
179614 62
179768 62
179840 62
179925 62
179926 62
179927 62
179955 62
179993 62
179996 62
180016 62
180159 62
180169 62
180170 62
180224 62
180432 62
180433 62
180441 62
180442 62
180547 62
180548 62
180549 62
180570 62
180573 62
180574 62
180820 62
181622 62
181635 62
181636 62
181649 62
181652 62
181653 62
181718 62
