167073 62
167077 62
167079 62
167085 62
167086 62
167102 62
167103 62
167112 62
167114 62
167121 62
167138 62
167140 62
167151 62
167166 62
167167 62
167205 62
167206 62
167212 62
167364 62
167365 62
167369 62
167370 62
167393 62
167394 62
167397 62
167398 62
167421 62
167422 62
167450 62
167451 62
167452 62
167479 62
167480 62
167485 62
167486 62
167500 62
167701 62
167793 62
167795 62
167881 62
167882 62
167889 62
167895 62
167913 62
167921 62
167927 62
167957 62
167977 62
167991 62
167992 62
168073 62
168102 62
168119 62
168134 62
168153 62
168154 62
168225 62
168242 62
168243 62
168252 62
168269 62
168270 62
168301 62
168302 62
168333 62
168334 62
168358 62
168395 62
168396 62
168436 62
168461 62
168634 62
168667 62
168668 62
168686 62
168694 62
168718 62
168719 62
168758 62
168759 62
168778 62
168787 62
168832 62
168841 62
168860 62
168861 62
168889 62
168890 62
168898 62
168915 62
168916 62
168917 62
168918 62
168919 62
168929 62
168944 62
168945 62
168946 62
169034 62
169037 62
169038 62
169039 62
169040 62
169049 62
169273 62
169274 62
169275 62
169276 62
169343 62
169344 62
169347 62
169386 62
169387 62
169388 62
169413 62
169414 62
169415 62
169424 62
169425 62
169434 62
169435 62
169445 62
169474 62
169475 62
169596 62
169597 62
169603 62
169608 62
169624 62
169625 62
169635 62
169861 62
170098 62
170099 62
170117 62
170118 62
170144 62
170145 62
170169 62
170170 62
170171 62
170194 62
170195 62
170219 62
170220 62
170283 62
170307 62
170310 62
170382 62
170684 62
170702 62
170715 62
170773 62
170774 62
170811 62
170821 62
170837 62
170848 62
170853 62
170884 62
170885 62
170913 62
170931 62
170938 62
170942 62
170943 62
170958 62
170965 62
170969 62
170970 62
170982 62
170983 62
170989 62
170990 62
170995 62
170996 62
171007 62
171014 62
171019 62
171020 62
171039 62
171040 62
171064 62
171068 62
171069 62
171094 62
171121 62
171473 62
171505 62
171674 62
171675 62
171861 62
171890 62
171927 62
172004 62
172005 62
172006 62
172040 62
172198 62
172222 62
