175964 62
176112 62
176118 62
176145 62
176183 62
176184 62
176189 62
176240 62
176281 62
176418 62
176419 62
176420 62
176421 62
176437 62
176679 62
176680 62
176685 62
176718 62
176719 62
176721 62
176722 62
176830 62
176831 62
176834 62
176835 62
176864 62
176865 62
176868 62
176869 62
176896 62
176897 62
176899 62
176900 62
176929 62
176930 62
176934 62
176962 62
176963 62
176967 62
176980 62
176996 62
176999 62
177000 62
177036 62
177038 62
177087 62
177088 62
177092 62
177093 62
177114 62
177128 62
177131 62
177132 62
177163 62
177168 62
177262 62
177519 62
177583 62
177592 62
177614 62
177649 62
177661 62
177679 62
177688 62
177713 62
177774 62
177910 62
177919 62
177920 62
177976 62
177977 62
177988 62
177989 62
178000 62
178001 62
178146 62
178176 62
178196 62
178204 62
178205 62
178253 62
178262 62
178263 62
178280 62
178290 62
178291 62
178508 62
178509 62
178536 62
178620 62
178621 62
178676 62
178735 62
178736 62
178762 62
178764 62
178818 62
178829 62
178844 62
178853 62
178854 62
178867 62
178881 62
178903 62
179248 62
179322 62
179323 62
179370 62
179406 62
179452 62
179453 62
179476 62
179477 62
179522 62
179523 62
180158 62
180168 62
180223 62
180348 62
180349 62
180390 62
180415 62
180416 62
180417 62
180422 62
180423 62
180424 62
180431 62
180440 62
180564 62
180592 62
181587 62
181605 62
181618 62
181620 62
181744 62
181745 62
181746 62
181747 62
181748 62
181820 62
181864 62
182220 62
182388 62
182417 62
182447 62
182476 62
182477 62
182696 62
182697 62
182706 62
182707 62
182708 62
182716 62
182717 62
182836 62
182850 62
182859 62
182879 62
182896 62
183375 62
183397 62
183474 62
183475 62
183497 62
183511 62
183512 62
183539 62
183587 62
183588 62
183605 62
183618 62
183647 62
183675 62
183676 62
183740 62
183769 62
183799 62
183843 62
183857 62
183916 62
184250 62
160133 62
160134 62
160147 62
160148 62
160149 62
160163 62
160164 62
160175 62
160176 62
160222 62
160224 62
160241 62
160242 62
160264 62
160265 62
160308 62
160335 62
160341 62
