161269 62
161790 62
161825 62
161826 62
161850 62
161854 62
161855 62
161876 62
161907 62
161908 62
161933 62
161935 62
161958 62
161959 62
161977 62
161978 62
162121 62
162122 62
162360 62
162361 62
162388 62
162389 62
162474 62
162502 62
162526 62
162530 62
162608 62
162636 62
162637 62
162936 62
162946 62
162976 62
162977 62
162978 62
162992 62
163002 62
163003 62
163037 62
163038 62
163061 62
163105 62
163954 62
163975 62
163987 62
163998 62
164054 62
164056 62
164070 62
164098 62
164105 62
164112 62
164126 62
164159 62
164172 62
164173 62
164181 62
164182 62
164205 62
164206 62
164219 62
164220 62
164228 62
164242 62
164243 62
164251 62
164265 62
164266 62
164274 62
164288 62
164302 62
164303 62
164318 62
164319 62
164321 62
164354 62
164362 62
164363 62
164373 62
164374 62
164382 62
164436 62
164441 62
164482 62
165919 62
166242 62
166389 62
166480 62
166805 62
167303 62
167424 62
167908 62
168086 62
168087 62
168744 62
168745 62
168789 62
168843 62
168900 62
168901 62
168931 62
168934 62
168935 62
169045 62
169051 62
169463 62
169464 62
169465 62
169466 62
169467 62
169468 62
169469 62
169470 62
169471 62
169472 62
170166 62
170191 62
170241 62
170277 62
170304 62
170380 62
170398 62
171089 62
171485 62
171548 62
171858 62
171871 62
171886 62
171923 62
171993 62
172025 62
172038 62
172082 62
172092 62
173565 62
173699 62
173725 62
173733 62
173755 62
173835 62
173975 62
175043 62
175044 62
175105 62
175221 62
175255 62
175500 62
175744 62
175765 62
176412 62
176985 62
177613 62
177712 62
178132 62
178200 62
178228 62
178252 62
178257 62
178612 62
178685 62
178720 62
179505 62
179547 62
179675 62
179760 62
179761 62
179842 62
179963 62
179968 62
179970 62
179989 62
179998 62
179999 62
180572 62
180599 62
180763 62
180770 62
180993 62
181463 62
181736 62
181753 62
181810 62
181811 62
181812 62
181813 62
182126 62
182127 62
182340 62
183692 62
183724 62
183814 62
183896 62
183903 62
183972 62
161091 62
161195 62
161877 62
161906 62
161932 62
161956 62
161957 62
